This is pdfTeX, Version 3.14159265-2.6-1.40.21 (TeX Live 2020) (preloaded format=pdflatex 2020.4.7)  27 SEP 2020 20:33
entering extended mode
 restricted \write18 enabled.
 %&-line parsing enabled.
**Part4.tex
(./Part4.tex
LaTeX2e <2020-02-02> patch level 5
L3 programming layer <2020-03-06>
! Undefined control sequence.
l.1 \section
            {DIRECT SUM}
The control sequence at the end of the top line
of your error message was never \def'ed. If you have
misspelled it (e.g., `\hobx'), type `I' and the correct
spelling (e.g., `I\hbox'). Otherwise just continue,
and I'll forget about whatever was undefined.


! LaTeX Error: Missing \begin{document}.

See the LaTeX manual or LaTeX Companion for explanation.
Type  H <return>  for immediate help.
 ...                                              
                                                  
l.1 \section{D
              IRECT SUM}
You're in trouble here.  Try typing  <return>  to proceed.
If that doesn't work, type  X <return>  to quit.

Missing character: There is no D in font nullfont!
Missing character: There is no I in font nullfont!
Missing character: There is no R in font nullfont!
Missing character: There is no E in font nullfont!
Missing character: There is no C in font nullfont!
Missing character: There is no T in font nullfont!
Missing character: There is no S in font nullfont!
Missing character: There is no U in font nullfont!
Missing character: There is no M in font nullfont!

Overfull \hbox (20.0pt too wide) in paragraph at lines 1--2
[] 
 []


Overfull \hbox (44.72198pt too wide) in paragraph at lines 3--4
\OT1/cmr/bx/n/10 Solution: 
 []

Missing character: There is no F in font nullfont!
Missing character: There is no i in font nullfont!
Missing character: There is no r in font nullfont!
Missing character: There is no s in font nullfont!
Missing character: There is no t in font nullfont!
Missing character: There is no l in font nullfont!
Missing character: There is no y in font nullfont!
Missing character: There is no , in font nullfont!
Missing character: There is no w in font nullfont!
Missing character: There is no e in font nullfont!
Missing character: There is no s in font nullfont!
Missing character: There is no h in font nullfont!
Missing character: There is no o in font nullfont!
Missing character: There is no w in font nullfont!
Missing character: There is no t in font nullfont!
Missing character: There is no h in font nullfont!
Missing character: There is no a in font nullfont!
Missing character: There is no t in font nullfont!
LaTeX Font Info:    External font `cmex10' loaded for size
(Font)              <7> on input line 7.
LaTeX Font Info:    External font `cmex10' loaded for size
(Font)              <5> on input line 7.
Missing character: There is no . in font nullfont!
Missing character: There is no S in font nullfont!
Missing character: There is no i in font nullfont!
Missing character: There is no n in font nullfont!
Missing character: There is no c in font nullfont!
Missing character: There is no e in font nullfont!
Missing character: There is no , in font nullfont!
Missing character: There is no w in font nullfont!
Missing character: There is no e in font nullfont!
Missing character: There is no h in font nullfont!
Missing character: There is no a in font nullfont!
Missing character: There is no v in font nullfont!
Missing character: There is no e in font nullfont!
Missing character: There is no . in font nullfont!

Overfull \hbox (50.85603pt too wide) in paragraph at lines 7--8
\OML/cmm/m/it/10 span\OMS/cmsy/m/n/10 f\OML/cmm/m/it/10 B[]\OMS/cmsy/m/n/10 g \
OT1/cmr/m/n/10 +
 []


Overfull \hbox (53.63374pt too wide) in paragraph at lines 7--8
\OML/cmm/m/it/10 span\OMS/cmsy/m/n/10 f\OML/cmm/m/it/10 B[]\OMS/cmsy/m/n/10 g \
OT1/cmr/m/n/10 =
 []


Overfull \hbox (44.7449pt too wide) in paragraph at lines 7--8
\OML/cmm/m/it/10 span\OMS/cmsy/m/n/10 f\OML/cmm/m/it/10 B[] \OMS/cmsy/m/n/10 [
 []


Overfull \hbox (27.62674pt too wide) in paragraph at lines 7--8
\OML/cmm/m/it/10 B[]\OMS/cmsy/m/n/10 g \OT1/cmr/m/n/10 =
 []


Overfull \hbox (8.05556pt too wide) in paragraph at lines 7--8
\OML/cmm/m/it/10 V$
 []


Overfull \hbox (18.7379pt too wide) in paragraph at lines 7--8
\OML/cmm/m/it/10 B[] \OMS/cmsy/m/n/10 [
 []


Overfull \hbox (22.62672pt too wide) in paragraph at lines 7--8
\OML/cmm/m/it/10 B[] \OT1/cmr/m/n/10 =
 []


Overfull \hbox (8.0868pt too wide) in paragraph at lines 7--8
\OML/cmm/m/it/10 B$
 []


Overfull \hbox (50.85603pt too wide) in paragraph at lines 7--8
\OML/cmm/m/it/10 span\OMS/cmsy/m/n/10 f\OML/cmm/m/it/10 B[]\OMS/cmsy/m/n/10 g \
OT1/cmr/m/n/10 +
 []


Overfull \hbox (53.63374pt too wide) in paragraph at lines 7--8
\OML/cmm/m/it/10 span\OMS/cmsy/m/n/10 f\OML/cmm/m/it/10 B[]\OMS/cmsy/m/n/10 g \
OT1/cmr/m/n/10 =
 []


Overfull \hbox (39.6493pt too wide) in paragraph at lines 7--8
\OML/cmm/m/it/10 spanB \OT1/cmr/m/n/10 =
 []


Overfull \hbox (8.05556pt too wide) in paragraph at lines 7--8
\OML/cmm/m/it/10 V$ 
 []

Missing character: There is no S in font nullfont!
Missing character: There is no e in font nullfont!
Missing character: There is no c in font nullfont!
Missing character: There is no o in font nullfont!
Missing character: There is no n in font nullfont!
Missing character: There is no d in font nullfont!
Missing character: There is no l in font nullfont!
Missing character: There is no y in font nullfont!
Missing character: There is no , in font nullfont!
Missing character: There is no w in font nullfont!
Missing character: There is no e in font nullfont!
Missing character: There is no s in font nullfont!
Missing character: There is no h in font nullfont!
Missing character: There is no o in font nullfont!
Missing character: There is no w in font nullfont!
Missing character: There is no t in font nullfont!
Missing character: There is no h in font nullfont!
Missing character: There is no a in font nullfont!
Missing character: There is no t in font nullfont!
Missing character: There is no . in font nullfont!
Missing character: There is no S in font nullfont!
Missing character: There is no i in font nullfont!
Missing character: There is no n in font nullfont!
Missing character: There is no c in font nullfont!
Missing character: There is no e in font nullfont!
Missing character: There is no a in font nullfont!
Missing character: There is no n in font nullfont!
Missing character: There is no d in font nullfont!
Missing character: There is no t in font nullfont!
Missing character: There is no h in font nullfont!
Missing character: There is no e in font nullfont!
Missing character: There is no y in font nullfont!
Missing character: There is no a in font nullfont!
Missing character: There is no r in font nullfont!
Missing character: There is no e in font nullfont!
Missing character: There is no s in font nullfont!
Missing character: There is no u in font nullfont!
Missing character: There is no b in font nullfont!
Missing character: There is no s in font nullfont!
Missing character: There is no e in font nullfont!
Missing character: There is no t in font nullfont!
Missing character: There is no s in font nullfont!
Missing character: There is no o in font nullfont!
Missing character: There is no f in font nullfont!
Missing character: There is no , in font nullfont!
Missing character: There is no v in font nullfont!
Missing character: There is no e in font nullfont!
Missing character: There is no c in font nullfont!
Missing character: There is no t in font nullfont!
Missing character: There is no o in font nullfont!
Missing character: There is no r in font nullfont!
Missing character: There is no s in font nullfont!
Missing character: There is no o in font nullfont!
Missing character: There is no f in font nullfont!
Missing character: There is no a in font nullfont!
Missing character: There is no r in font nullfont!
Missing character: There is no e in font nullfont!
Missing character: There is no l in font nullfont!
Missing character: There is no i in font nullfont!
Missing character: There is no n in font nullfont!
Missing character: There is no e in font nullfont!
Missing character: There is no a in font nullfont!
Missing character: There is no r in font nullfont!
Missing character: There is no i in font nullfont!
Missing character: There is no n in font nullfont!
Missing character: There is no d in font nullfont!
Missing character: There is no e in font nullfont!
Missing character: There is no p in font nullfont!
Missing character: There is no e in font nullfont!
Missing character: There is no n in font nullfont!
Missing character: There is no d in font nullfont!
Missing character: There is no e in font nullfont!
Missing character: There is no n in font nullfont!
Missing character: There is no t in font nullfont!
Missing character: There is no o in font nullfont!
Missing character: There is no f in font nullfont!
Missing character: There is no e in font nullfont!
Missing character: There is no a in font nullfont!
Missing character: There is no c in font nullfont!
Missing character: There is no h in font nullfont!
Missing character: There is no o in font nullfont!
Missing character: There is no t in font nullfont!
Missing character: There is no h in font nullfont!
Missing character: There is no e in font nullfont!
Missing character: There is no r in font nullfont!
Missing character: There is no . in font nullfont!
Missing character: There is no A in font nullfont!
Missing character: There is no s in font nullfont!
Missing character: There is no s in font nullfont!
Missing character: There is no u in font nullfont!
Missing character: There is no m in font nullfont!
Missing character: There is no e in font nullfont!
Missing character: There is no t in font nullfont!
Missing character: There is no h in font nullfont!
Missing character: There is no e in font nullfont!
Missing character: There is no r in font nullfont!
Missing character: There is no e in font nullfont!
Missing character: There is no e in font nullfont!
Missing character: There is no x in font nullfont!
Missing character: There is no i in font nullfont!
Missing character: There is no s in font nullfont!
Missing character: There is no t in font nullfont!
Missing character: There is no a in font nullfont!
Missing character: There is no n in font nullfont!
Missing character: There is no y in font nullfont!
Missing character: There is no v in font nullfont!
Missing character: There is no e in font nullfont!
Missing character: There is no c in font nullfont!
Missing character: There is no t in font nullfont!
Missing character: There is no o in font nullfont!
Missing character: There is no r in font nullfont!
Missing character: There is no , in font nullfont!
Missing character: There is no t in font nullfont!
Missing character: There is no h in font nullfont!
Missing character: There is no e in font nullfont!
Missing character: There is no n in font nullfont!

Overfull \hbox (49.74492pt too wide) in paragraph at lines 8--9
\OML/cmm/m/it/10 span\OMS/cmsy/m/n/10 f\OML/cmm/m/it/10 B[]\OMS/cmsy/m/n/10 g \

 []


Overfull \hbox (53.63374pt too wide) in paragraph at lines 8--9
\OML/cmm/m/it/10 span\OMS/cmsy/m/n/10 f\OML/cmm/m/it/10 B[]\OMS/cmsy/m/n/10 g \
OT1/cmr/m/n/10 =
 []


Overfull \hbox (5.00002pt too wide) in paragraph at lines 8--9
[]$
 []


Overfull \hbox (18.7379pt too wide) in paragraph at lines 8--9
\OML/cmm/m/it/10 B[] \OMS/cmsy/m/n/10 \
 []


Overfull \hbox (12.07121pt too wide) in paragraph at lines 8--9
\OML/cmm/m/it/10 B[]$
 []


Overfull \hbox (8.0868pt too wide) in paragraph at lines 8--9
\OML/cmm/m/it/10 B$
 []


Overfull \hbox (28.58684pt too wide) in paragraph at lines 8--9
\OML/cmm/m/it/10 B[]; B[]$
 []


Overfull \hbox (15.15967pt too wide) in paragraph at lines 8--9
[] \OMS/cmsy/m/n/10 2
 []


Overfull \hbox (52.68228pt too wide) in paragraph at lines 8--9
\OML/cmm/m/it/10 span[]; x \OMS/cmsy/m/n/10 2
 []


Overfull \hbox (33.0782pt too wide) in paragraph at lines 8--9
\OML/cmm/m/it/10 span[]$
 []


Overfull \hbox (102.01607pt too wide) detected at line 9
[] \OT1/cmr/m/n/10 = [] \OML/cmm/m/it/10 ^^U[][] \OT1/cmr/m/n/10 = [] \OML/cmm/
m/it/10 ^^U[][]
 []

Missing character: There is no T in font nullfont!
Missing character: There is no h in font nullfont!
Missing character: There is no i in font nullfont!
Missing character: There is no s in font nullfont!
Missing character: There is no i in font nullfont!
Missing character: There is no m in font nullfont!
Missing character: There is no p in font nullfont!
Missing character: There is no l in font nullfont!
Missing character: There is no i in font nullfont!
Missing character: There is no e in font nullfont!
Missing character: There is no s in font nullfont!
Missing character: There is no t in font nullfont!
Missing character: There is no h in font nullfont!
Missing character: There is no a in font nullfont!
Missing character: There is no t in font nullfont!

Overfull \hbox (141.9733pt too wide) detected at line 11
[] \OML/cmm/m/it/10 ^^U[][] \OMS/cmsy/m/n/10 ^^@ [] \OML/cmm/m/it/10 ^^U[][] \O
T1/cmr/m/n/10 = [] \OML/cmm/m/it/10 ^^U[][] \OT1/cmr/m/n/10 = 0
 []

Missing character: There is no W in font nullfont!
Missing character: There is no e in font nullfont!
Missing character: There is no d in font nullfont!
Missing character: There is no e in font nullfont!
Missing character: There is no t in font nullfont!
Missing character: There is no e in font nullfont!
Missing character: There is no r in font nullfont!
Missing character: There is no m in font nullfont!
Missing character: There is no i in font nullfont!
Missing character: There is no n in font nullfont!
Missing character: There is no e in font nullfont!
Missing character: There is no t in font nullfont!
Missing character: There is no h in font nullfont!
Missing character: There is no a in font nullfont!
Missing character: There is no t in font nullfont!
Missing character: There is no a in font nullfont!
Missing character: There is no c in font nullfont!
Missing character: There is no c in font nullfont!
Missing character: There is no o in font nullfont!
Missing character: There is no r in font nullfont!
Missing character: There is no d in font nullfont!
Missing character: There is no i in font nullfont!
Missing character: There is no n in font nullfont!
Missing character: There is no g in font nullfont!
Missing character: There is no t in font nullfont!
Missing character: There is no o in font nullfont!
Missing character: There is no t in font nullfont!
Missing character: There is no h in font nullfont!
Missing character: There is no e in font nullfont!
Missing character: There is no p in font nullfont!
Missing character: There is no r in font nullfont!
Missing character: There is no o in font nullfont!
Missing character: There is no p in font nullfont!
Missing character: There is no e in font nullfont!
Missing character: There is no r in font nullfont!
Missing character: There is no t in font nullfont!
Missing character: There is no y in font nullfont!
Missing character: There is no o in font nullfont!
Missing character: There is no f in font nullfont!
Missing character: There is no b in font nullfont!
Missing character: There is no a in font nullfont!
Missing character: There is no s in font nullfont!
Missing character: There is no i in font nullfont!
Missing character: There is no s in font nullfont!
Missing character: There is no . in font nullfont!
Missing character: There is no T in font nullfont!
Missing character: There is no h in font nullfont!
Missing character: There is no i in font nullfont!
Missing character: There is no s in font nullfont!
Missing character: There is no m in font nullfont!
Missing character: There is no e in font nullfont!
Missing character: There is no a in font nullfont!
Missing character: There is no n in font nullfont!
Missing character: There is no s in font nullfont!

Overfull \hbox (19.71815pt too wide) in paragraph at lines 11--13
   $\OML/cmm/m/it/10 ^^U[] \OT1/cmr/m/n/10 =
 []


Overfull \hbox (18.44513pt too wide) in paragraph at lines 11--13
\OT1/cmr/m/n/10 0\OML/cmm/m/it/10 ; \OMS/cmsy/m/n/10 8\OML/cmm/m/it/10 i$
 []


Overfull \hbox (111.15639pt too wide) detected at line 13
\OML/cmm/m/it/10 span\OMS/cmsy/m/n/10 f\OML/cmm/m/it/10 B[]\OMS/cmsy/m/n/10 g \
 \OML/cmm/m/it/10 span\OMS/cmsy/m/n/10 f\OML/cmm/m/it/10 B[]\OMS/cmsy/m/n/10 g 
\OT1/cmr/m/n/10 = []
 []

Missing character: There is no B in font nullfont!
Missing character: There is no y in font nullfont!
Missing character: There is no t in font nullfont!
Missing character: There is no h in font nullfont!
Missing character: There is no e in font nullfont!
Missing character: There is no d in font nullfont!
Missing character: There is no e in font nullfont!
Missing character: There is no f in font nullfont!
Missing character: There is no i in font nullfont!
Missing character: There is no n in font nullfont!
Missing character: There is no i in font nullfont!
Missing character: There is no t in font nullfont!
Missing character: There is no i in font nullfont!
Missing character: There is no o in font nullfont!
Missing character: There is no n in font nullfont!
Missing character: There is no o in font nullfont!
Missing character: There is no f in font nullfont!
Missing character: There is no d in font nullfont!
Missing character: There is no i in font nullfont!
Missing character: There is no r in font nullfont!
Missing character: There is no e in font nullfont!
Missing character: There is no c in font nullfont!
Missing character: There is no t in font nullfont!
Missing character: There is no s in font nullfont!
Missing character: There is no u in font nullfont!
Missing character: There is no m in font nullfont!
Missing character: There is no , in font nullfont!
Missing character: There is no . in font nullfont!
Missing character: There is no Q in font nullfont!
Missing character: There is no . in font nullfont!
Missing character: There is no E in font nullfont!
Missing character: There is no . in font nullfont!
Missing character: There is no D in font nullfont!
Missing character: There is no . in font nullfont!

Overfull \hbox (18.61107pt too wide) in paragraph at lines 13--15
      $\OML/cmm/m/it/10 V \OT1/cmr/m/n/10 =
 []


Overfull \hbox (50.85603pt too wide) in paragraph at lines 13--15
\OML/cmm/m/it/10 span\OMS/cmsy/m/n/10 f\OML/cmm/m/it/10 B[]\OMS/cmsy/m/n/10 g ^
^H
 []


Overfull \hbox (43.07823pt too wide) in paragraph at lines 13--15
\OML/cmm/m/it/10 span\OMS/cmsy/m/n/10 f\OML/cmm/m/it/10 B[]\OMS/cmsy/m/n/10 g$
 []


Overfull \hbox (44.72198pt too wide) in paragraph at lines 18--19
\OT1/cmr/bx/n/10 Solution: 
 []

Missing character: There is no L in font nullfont!
Missing character: There is no e in font nullfont!
Missing character: There is no t in font nullfont!
Missing character: There is no b in font nullfont!
Missing character: There is no e in font nullfont!
Missing character: There is no a in font nullfont!
Missing character: There is no b in font nullfont!
Missing character: There is no a in font nullfont!
Missing character: There is no s in font nullfont!
Missing character: There is no i in font nullfont!
Missing character: There is no s in font nullfont!
Missing character: There is no o in font nullfont!
Missing character: There is no f in font nullfont!
Missing character: There is no , in font nullfont!
Missing character: There is no b in font nullfont!
Missing character: There is no e in font nullfont!
Missing character: There is no t in font nullfont!
Missing character: There is no h in font nullfont!
Missing character: There is no e in font nullfont!
Missing character: There is no b in font nullfont!
Missing character: There is no a in font nullfont!
Missing character: There is no s in font nullfont!
Missing character: There is no i in font nullfont!
Missing character: There is no s in font nullfont!
Missing character: There is no o in font nullfont!
Missing character: There is no f in font nullfont!
Missing character: There is no . in font nullfont!
Missing character: There is no T in font nullfont!
Missing character: There is no h in font nullfont!
Missing character: There is no e in font nullfont!
Missing character: There is no n in font nullfont!
Missing character: There is no l in font nullfont!
Missing character: There is no e in font nullfont!
Missing character: There is no t in font nullfont!
Missing character: There is no , in font nullfont!
Missing character: There is no . in font nullfont!
Missing character: There is no T in font nullfont!
Missing character: There is no h in font nullfont!
Missing character: There is no e in font nullfont!
Missing character: There is no n in font nullfont!
Missing character: There is no w in font nullfont!
Missing character: There is no e in font nullfont!
Missing character: There is no h in font nullfont!
Missing character: There is no a in font nullfont!
Missing character: There is no v in font nullfont!
Missing character: There is no e in font nullfont!

Overfull \hbox (8.0868pt too wide) in paragraph at lines 20--21
\OML/cmm/m/it/10 B$
 []


Overfull \hbox (8.05556pt too wide) in paragraph at lines 20--21
\OML/cmm/m/it/10 V$
 []


Overfull \hbox (12.07121pt too wide) in paragraph at lines 20--21
\OML/cmm/m/it/10 B[]$
 []


Overfull \hbox (6.70831pt too wide) in paragraph at lines 20--21
\OML/cmm/m/it/10 S$
 []


Overfull \hbox (22.62672pt too wide) in paragraph at lines 20--21
\OML/cmm/m/it/10 B[] \OT1/cmr/m/n/10 =
 []


Overfull \hbox (21.17363pt too wide) in paragraph at lines 20--21
\OML/cmm/m/it/10 B=B$
 []


Overfull \hbox (18.54362pt too wide) in paragraph at lines 20--21
\OMS/cmsy/m/n/10 T \OT1/cmr/m/n/10 =
 []


Overfull \hbox (39.09383pt too wide) in paragraph at lines 20--21
\OML/cmm/m/it/10 span\OMS/cmsy/m/n/10 f\OML/cmm/m/it/10 B\OMS/cmsy/m/n/10 g$
 []


Overfull \hbox (106.77423pt too wide) detected at line 21
\OML/cmm/m/it/10 B \OT1/cmr/m/n/10 = \OML/cmm/m/it/10 B[] \OMS/cmsy/m/n/10 [ \O
ML/cmm/m/it/10 B[];  B[] \OMS/cmsy/m/n/10 \ \OML/cmm/m/it/10 B[] \OT1/cmr/m/n/1
0 = \OML/cmm/m/it/10 ^^^
 []

Missing character: There is no B in font nullfont!
Missing character: There is no y in font nullfont!
Missing character: There is no t in font nullfont!
Missing character: There is no h in font nullfont!
Missing character: There is no e in font nullfont!
Missing character: There is no c in font nullfont!
Missing character: There is no o in font nullfont!
Missing character: There is no n in font nullfont!
Missing character: There is no c in font nullfont!
Missing character: There is no l in font nullfont!
Missing character: There is no u in font nullfont!
Missing character: There is no s in font nullfont!
Missing character: There is no i in font nullfont!
Missing character: There is no o in font nullfont!
Missing character: There is no n in font nullfont!
Missing character: There is no f in font nullfont!
Missing character: There is no r in font nullfont!
Missing character: There is no o in font nullfont!
Missing character: There is no m in font nullfont!
Missing character: There is no , in font nullfont!
Missing character: There is no w in font nullfont!
Missing character: There is no e in font nullfont!
Missing character: There is no h in font nullfont!
Missing character: There is no a in font nullfont!
Missing character: There is no v in font nullfont!
Missing character: There is no e in font nullfont!
Missing character: There is no . in font nullfont!
Missing character: There is no Q in font nullfont!
Missing character: There is no . in font nullfont!
Missing character: There is no E in font nullfont!
Missing character: There is no . in font nullfont!
Missing character: There is no D in font nullfont!

Overfull \hbox (28.5693pt too wide) in paragraph at lines 21--24
    \OT1/cmr/bx/n/10 Prob-
 []


Overfull \hbox (18.04852pt too wide) in paragraph at lines 21--24
\OT1/cmr/bx/n/10 lem
 []


Overfull \hbox (5.74997pt too wide) in paragraph at lines 21--24
\OT1/cmr/bx/n/10 1
 []


Overfull \hbox (18.61107pt too wide) in paragraph at lines 21--24
\OML/cmm/m/it/10 V \OT1/cmr/m/n/10 =
 []


Overfull \hbox (50.85603pt too wide) in paragraph at lines 21--24
\OML/cmm/m/it/10 span\OMS/cmsy/m/n/10 f\OML/cmm/m/it/10 B[]\OMS/cmsy/m/n/10 g ^
^H
 []


Overfull \hbox (53.63374pt too wide) in paragraph at lines 21--24
\OML/cmm/m/it/10 span\OMS/cmsy/m/n/10 f\OML/cmm/m/it/10 B[]\OMS/cmsy/m/n/10 g \
OT1/cmr/m/n/10 =
 []


Overfull \hbox (14.48611pt too wide) in paragraph at lines 21--24
\OML/cmm/m/it/10 S \OMS/cmsy/m/n/10 ^^H
 []


Overfull \hbox (7.98811pt too wide) in paragraph at lines 21--24
\OMS/cmsy/m/n/10 T$ 
 []

)
! Emergency stop.
<*> Part4.tex
             
*** (job aborted, no legal \end found)

 
Here is how much of TeX's memory you used:
 27 strings out of 480608
 479 string characters out of 5903631
 243610 words of memory out of 5000000
 16019 multiletter control sequences out of 15000+600000
 532646 words of font info for 25 fonts, out of 8000000 for 9000
 1141 hyphenation exceptions out of 8191
 18i,2n,15p,268b,196s stack positions out of 5000i,500n,10000p,200000b,80000s
!  ==> Fatal error occurred, no output PDF file produced!
